<?xml version="1.0" encoding="UTF-8"?>
<testng-results ignored="0" total="1" passed="1" failed="0" skipped="0">
  <reporter-output>
  </reporter-output>
  <suite started-at="2018-04-03T16:22:14Z" name="Default suite" finished-at="2018-04-03T16:22:32Z" duration-ms="17769">
    <groups>
    </groups>
    <test started-at="2018-04-03T16:22:14Z" name="Default test" finished-at="2018-04-03T16:22:32Z" duration-ms="17769">
      <class name="CTSChallenge.Challenge18.GmailLoginTest">
        <test-method is-config="true" signature="setUp()[pri:0, instance:CTSChallenge.Challenge18.GmailLoginTest@a1cdc6d]" started-at="2018-04-03T12:22:14Z" name="setUp" finished-at="2018-04-03T12:22:14Z" duration-ms="15" status="PASS">
          <reporter-output>
          </reporter-output>
        </test-method> <!-- setUp -->
        <test-method is-config="true" signature="initialize()[pri:0, instance:CTSChallenge.Challenge18.GmailLoginTest@a1cdc6d]" started-at="2018-04-03T12:22:14Z" name="initialize" finished-at="2018-04-03T12:22:22Z" duration-ms="8368" status="PASS">
          <reporter-output>
          </reporter-output>
        </test-method> <!-- initialize -->
        <test-method signature="loginTest()[pri:0, instance:CTSChallenge.Challenge18.GmailLoginTest@a1cdc6d]" started-at="2018-04-03T12:22:22Z" name="loginTest" finished-at="2018-04-03T12:22:31Z" duration-ms="8646" status="PASS">
          <reporter-output>
          </reporter-output>
        </test-method> <!-- loginTest -->
        <test-method is-config="true" signature="finalize()[pri:0, instance:CTSChallenge.Challenge18.GmailLoginTest@a1cdc6d]" started-at="2018-04-03T12:22:31Z" name="finalize" finished-at="2018-04-03T12:22:32Z" duration-ms="709" status="PASS">
          <reporter-output>
          </reporter-output>
        </test-method> <!-- finalize -->
      </class> <!-- CTSChallenge.Challenge18.GmailLoginTest -->
    </test> <!-- Default test -->
  </suite> <!-- Default suite -->
</testng-results>
